<html xmlns:math="http://exslt.org/math" xmlns:testng="http://testng.org">
   <head>
      <title>TestNG Results</title>
      <meta http-equiv="content-type" content="text/html; charset=utf-8"></meta>
      <meta http-equiv="pragma" content="no-cache"></meta>
      <meta http-equiv="cache-control" content="max-age=0"></meta>
      <meta http-equiv="cache-control" content="no-cache"></meta>
      <meta http-equiv="cache-control" content="no-store"></meta>
      <LINK rel="stylesheet" href="style.css"></LINK>
      <script type="text/javascript" src="main.js"></script>
   </head>
   <body>
      <table width="100%" style="font-size: 16px; margin-bottom: 10px;" cellspacing="1">
         <tr>
            <td width="100%">
               Test case
               
               <b>Default test</b>
            </td>
            <td style="background-color: #FFBBBB; padding: 3px 3px 3px 0;" align="center">
               <div style="width: 50px;">2</div>
            </td>
            <td style="background-color: lightgreen; padding: 3px 3px 3px 0;" align="center">
               <div style="width: 50px;">0</div>
            </td>
            <td style="background-color: #FFFFBB; padding: 3px 3px 3px 0;" align="center">
               <div style="width: 50px;">0</div>
            </td>
            <td align="center" style="background-color: #eaf0f7; padding: 3px 3px 3px 0;">
               <div style="width: 50px;">2</div>
            </td>
            <td align="center"
                style="font-weight: bold; background-color: #eaf0f7; padding: 3px 3px 3px 0;">
               <div style="width: 50px;">0%</div>
            </td>
            <td style="background-color: #eaf0f7; padding: 3px 3px 3px 0;" align="center"
                nowrap="true">13s
               
            </td>
         </tr>
      </table>
      <div style="width: 200px;">
         <label for="groupMethodsCheckBox" style="font-weight: bold; margin: 0;">
            <input id="groupMethodsCheckBox" type="checkbox" onclick="switchTestMethodsView(this)"
                   checked=""></input>
            Group by class
            
         </label>
         <br></br>
         <label for="methodsFilter_ALL" style="font-weight: bold; margin: 0;">
            <input id="methodsFilter_ALL" type="checkbox"
                   onclick="testMethodsFilterChanged(this, 'ALL')"
                   checked=""></input>
            All
            
         </label>
      </div>
      <label for="methodsFilter_FAIL" style="margin-left: 20px;">
         <input id="methodsFilter_FAIL" type="checkbox"
                onclick="testMethodsFilterChanged(this, 'FAIL')"
                checked=""></input>
         Failed
         
      </label>
      <label for="methodsFilter_PASS">
         <input id="methodsFilter_PASS" type="checkbox"
                onclick="testMethodsFilterChanged(this, 'PASS')"
                checked=""></input>
         Passed
         
      </label>
      <label for="methodsFilter_SKIP">
         <input id="methodsFilter_SKIP" type="checkbox"
                onclick="testMethodsFilterChanged(this, 'SKIP')"
                checked=""></input>
         Skipped
         
      </label>
      <label for="methodsFilter_CONF">
         <input id="methodsFilter_CONF" type="checkbox"
                onclick="testMethodsFilterChanged(this, 'CONF')"
                checked=""></input>
         Config
         
      </label>
      <br></br>
      <div id="testMethodsByStatus" style="display: none;">
         <table class="testMethodsTable" cellpadding="0" cellspacing="0">
            <tr class="methodsTableHeader">
               <td width="100%">Name</td>
               <td nowrap="true">Started</td>
               <td nowrap="true">Duration</td>
               <td>Exception</td>
            </tr>
            <tr id="elementsHandlingDemo.VerifyDropdownDescending_test1_byStatus_failed_FAIL1_row"
                class="testMethodStatusFAIL">
               <td width="100%" class="firstMethodCell">
                  <a onclick="toggleDetailsVisibility('elementsHandlingDemo.VerifyDropdownDescending_test1_byStatus_failed_FAIL1_details')">test1()</a>
               </td>
               <td nowrap="true">15:19:34</td>
               <td nowrap="true" align="right">5s
                  
               </td>
               <td nowrap="true">
                  <a onclick="toggleDetailsVisibility('elementsHandlingDemo.VerifyDropdownDescending_test1_byStatus_failed_FAIL1_exception')">java.lang.AssertionError: 
                     did not expect to find [true] but found [false]
                     
                  </a>
                   
                  
               </td>
            </tr>
            <tr>
               <td colspan="4" class="detailsBox">
                  <div id="elementsHandlingDemo.VerifyDropdownDescending_test1_byStatus_failed_FAIL1_details"
                       class="testMethodDetails">
                     <div>
                        <b>Name: </b>test1
                     </div>
                     <div>
                        <b>Signature: </b>test1()[pri:0, instance:elementsHandlingDemo.VerifyDropdownDescending@4e4aea35]
                     </div>
                     <div>
                        <b>Start time: </b>15:19:34
                     </div>
                     <div>
                        <b>End time: </b>15:19:39
                     </div>
                     <div>
                        <b>Duration: </b>5s
                        
                     </div>
                  </div>
               </td>
            </tr>
            <tr>
               <td colspan="4" class="detailsBox">
                  <div id="elementsHandlingDemo.VerifyDropdownDescending_test1_byStatus_failed_FAIL1_exception"
                       class="testMethodDetails">
                     <pre style="padding: 5px; margin: 0;">java.lang.AssertionError: did not expect to find [true] but found [false]
                        at org.testng.Assert.fail(Assert.java:97)
                        at org.testng.Assert.failNotEquals(Assert.java:969)
                        at org.testng.Assert.assertTrue(Assert.java:43)
                        at org.testng.Assert.assertTrue(Assert.java:53)
                        at elementsHandlingDemo.VerifyDropdownDescending.test1(VerifyDropdownDescending.java:59)
                        at sun.reflect.NativeMethodAccessorImpl.invoke0(Native Method)
                        at sun.reflect.NativeMethodAccessorImpl.invoke(Unknown Source)
                        at sun.reflect.DelegatingMethodAccessorImpl.invoke(Unknown Source)
                        at java.lang.reflect.Method.invoke(Unknown Source)
                        at org.testng.internal.MethodInvocationHelper.invokeMethod(MethodInvocationHelper.java:133)
                        at org.testng.internal.TestInvoker.invokeMethod(TestInvoker.java:584)
                        at org.testng.internal.TestInvoker.invokeTestMethod(TestInvoker.java:172)
                        at org.testng.internal.MethodRunner.runInSequence(MethodRunner.java:46)
                        at org.testng.internal.TestInvoker$MethodInvocationAgent.invoke(TestInvoker.java:804)
                        at org.testng.internal.TestInvoker.invokeTestMethods(TestInvoker.java:145)
                        at org.testng.internal.TestMethodWorker.invokeTestMethods(TestMethodWorker.java:146)
                        at org.testng.internal.TestMethodWorker.run(TestMethodWorker.java:128)
                        at java.util.ArrayList.forEach(Unknown Source)
                        at org.testng.TestRunner.privateRun(TestRunner.java:770)
                        at org.testng.TestRunner.run(TestRunner.java:591)
                        at org.testng.SuiteRunner.runTest(SuiteRunner.java:402)
                        at org.testng.SuiteRunner.runSequentially(SuiteRunner.java:396)
                        at org.testng.SuiteRunner.privateRun(SuiteRunner.java:355)
                        at org.testng.SuiteRunner.run(SuiteRunner.java:304)
                        at org.testng.SuiteRunnerWorker.runSuite(SuiteRunnerWorker.java:53)
                        at org.testng.SuiteRunnerWorker.run(SuiteRunnerWorker.java:96)
                        at org.testng.TestNG.runSuitesSequentially(TestNG.java:1180)
                        at org.testng.TestNG.runSuitesLocally(TestNG.java:1102)
                        at org.testng.TestNG.runSuites(TestNG.java:1032)
                        at org.testng.TestNG.run(TestNG.java:1000)
                        at org.testng.remote.AbstractRemoteTestNG.run(AbstractRemoteTestNG.java:115)
                        at org.testng.remote.RemoteTestNG.initAndRun(RemoteTestNG.java:251)
                        at org.testng.remote.RemoteTestNG.main(RemoteTestNG.java:77)
                     </pre>
                  </div>
               </td>
            </tr>
            <tr id="elementsHandlingDemo.VerifyDropdownDescending_test2_byStatus_failed_FAIL2_row"
                class="testMethodStatusFAIL">
               <td width="100%" class="firstMethodCell">
                  <a onclick="toggleDetailsVisibility('elementsHandlingDemo.VerifyDropdownDescending_test2_byStatus_failed_FAIL2_details')">test2()</a>
               </td>
               <td nowrap="true">15:19:39</td>
               <td nowrap="true" align="right">2s
                  
               </td>
               <td nowrap="true">
                  <a onclick="toggleDetailsVisibility('elementsHandlingDemo.VerifyDropdownDescending_test2_byStatus_failed_FAIL2_exception')">java.lang.AssertionError: 
                     did not expect to find [true] but found [false]
                     
                  </a>
                   
                  
               </td>
            </tr>
            <tr>
               <td colspan="4" class="detailsBox">
                  <div id="elementsHandlingDemo.VerifyDropdownDescending_test2_byStatus_failed_FAIL2_details"
                       class="testMethodDetails">
                     <div>
                        <b>Name: </b>test2
                     </div>
                     <div>
                        <b>Signature: </b>test2()[pri:0, instance:elementsHandlingDemo.VerifyDropdownDescending@4e4aea35]
                     </div>
                     <div>
                        <b>Start time: </b>15:19:39
                     </div>
                     <div>
                        <b>End time: </b>15:19:42
                     </div>
                     <div>
                        <b>Duration: </b>2s
                        
                     </div>
                  </div>
               </td>
            </tr>
            <tr>
               <td colspan="4" class="detailsBox">
                  <div id="elementsHandlingDemo.VerifyDropdownDescending_test2_byStatus_failed_FAIL2_exception"
                       class="testMethodDetails">
                     <pre style="padding: 5px; margin: 0;">java.lang.AssertionError: did not expect to find [true] but found [false]
                        at org.testng.Assert.fail(Assert.java:97)
                        at org.testng.Assert.failNotEquals(Assert.java:969)
                        at org.testng.Assert.assertTrue(Assert.java:43)
                        at org.testng.Assert.assertTrue(Assert.java:53)
                        at elementsHandlingDemo.VerifyDropdownDescending.test2(VerifyDropdownDescending.java:88)
                        at sun.reflect.NativeMethodAccessorImpl.invoke0(Native Method)
                        at sun.reflect.NativeMethodAccessorImpl.invoke(Unknown Source)
                        at sun.reflect.DelegatingMethodAccessorImpl.invoke(Unknown Source)
                        at java.lang.reflect.Method.invoke(Unknown Source)
                        at org.testng.internal.MethodInvocationHelper.invokeMethod(MethodInvocationHelper.java:133)
                        at org.testng.internal.TestInvoker.invokeMethod(TestInvoker.java:584)
                        at org.testng.internal.TestInvoker.invokeTestMethod(TestInvoker.java:172)
                        at org.testng.internal.MethodRunner.runInSequence(MethodRunner.java:46)
                        at org.testng.internal.TestInvoker$MethodInvocationAgent.invoke(TestInvoker.java:804)
                        at org.testng.internal.TestInvoker.invokeTestMethods(TestInvoker.java:145)
                        at org.testng.internal.TestMethodWorker.invokeTestMethods(TestMethodWorker.java:146)
                        at org.testng.internal.TestMethodWorker.run(TestMethodWorker.java:128)
                        at java.util.ArrayList.forEach(Unknown Source)
                        at org.testng.TestRunner.privateRun(TestRunner.java:770)
                        at org.testng.TestRunner.run(TestRunner.java:591)
                        at org.testng.SuiteRunner.runTest(SuiteRunner.java:402)
                        at org.testng.SuiteRunner.runSequentially(SuiteRunner.java:396)
                        at org.testng.SuiteRunner.privateRun(SuiteRunner.java:355)
                        at org.testng.SuiteRunner.run(SuiteRunner.java:304)
                        at org.testng.SuiteRunnerWorker.runSuite(SuiteRunnerWorker.java:53)
                        at org.testng.SuiteRunnerWorker.run(SuiteRunnerWorker.java:96)
                        at org.testng.TestNG.runSuitesSequentially(TestNG.java:1180)
                        at org.testng.TestNG.runSuitesLocally(TestNG.java:1102)
                        at org.testng.TestNG.runSuites(TestNG.java:1032)
                        at org.testng.TestNG.run(TestNG.java:1000)
                        at org.testng.remote.AbstractRemoteTestNG.run(AbstractRemoteTestNG.java:115)
                        at org.testng.remote.RemoteTestNG.initAndRun(RemoteTestNG.java:251)
                        at org.testng.remote.RemoteTestNG.main(RemoteTestNG.java:77)
                     </pre>
                  </div>
               </td>
            </tr>
            <tr id="elementsHandlingDemo.VerifyDropdownDescending_startSession_byStatus_passed_PASS1_row"
                class="testMethodStatusPASS testMethodStatusCONF">
               <td width="100%" class="firstMethodCell">
                  <a onclick="toggleDetailsVisibility('elementsHandlingDemo.VerifyDropdownDescending_startSession_byStatus_passed_PASS1_details')">startSession()</a>
               </td>
               <td nowrap="true">15:19:30</td>
               <td nowrap="true" align="right">4s
                  
               </td>
               <td nowrap="true">
                   
                  
               </td>
            </tr>
            <tr>
               <td colspan="4" class="detailsBox">
                  <div id="elementsHandlingDemo.VerifyDropdownDescending_startSession_byStatus_passed_PASS1_details"
                       class="testMethodDetails">
                     <div>
                        <b>Name: </b>startSession
                     </div>
                     <div>
                        <b>Signature: </b>startSession()[pri:0, instance:elementsHandlingDemo.VerifyDropdownDescending@4e4aea35]
                     </div>
                     <div>
                        <b>Start time: </b>15:19:30
                     </div>
                     <div>
                        <b>End time: </b>15:19:34
                     </div>
                     <div>
                        <b>Duration: </b>4s
                        
                     </div>
                  </div>
               </td>
            </tr>
            <tr></tr>
            <tr id="elementsHandlingDemo.VerifyDropdownDescending_endSession_byStatus_passed_PASS2_row"
                class="testMethodStatusPASS testMethodStatusCONF">
               <td width="100%" class="firstMethodCell">
                  <a onclick="toggleDetailsVisibility('elementsHandlingDemo.VerifyDropdownDescending_endSession_byStatus_passed_PASS2_details')">endSession()</a>
               </td>
               <td nowrap="true">15:19:42</td>
               <td nowrap="true" align="right">681 ms
                  
               </td>
               <td nowrap="true">
                   
                  
               </td>
            </tr>
            <tr>
               <td colspan="4" class="detailsBox">
                  <div id="elementsHandlingDemo.VerifyDropdownDescending_endSession_byStatus_passed_PASS2_details"
                       class="testMethodDetails">
                     <div>
                        <b>Name: </b>endSession
                     </div>
                     <div>
                        <b>Signature: </b>endSession()[pri:0, instance:elementsHandlingDemo.VerifyDropdownDescending@4e4aea35]
                     </div>
                     <div>
                        <b>Start time: </b>15:19:42
                     </div>
                     <div>
                        <b>End time: </b>15:19:43
                     </div>
                     <div>
                        <b>Duration: </b>681 ms
                        
                     </div>
                  </div>
               </td>
            </tr>
            <tr></tr>
         </table>
      </div>
      <div id="testMethodsByClass">
         <table class="testMethodsTable" cellpadding="0" cellspacing="0">
            <tr>
               <td colspan="4">
                  <h3 style="display: inline;">elementsHandlingDemo.VerifyDropdownDescending</h3>
               </td>
            </tr>
            <tr class="methodsTableHeader">
               <td width="100%">Name</td>
               <td nowrap="true">Started</td>
               <td nowrap="true">Duration</td>
               <td>Exception</td>
            </tr>
            <tr id="elementsHandlingDemo.VerifyDropdownDescending_startSession_byClass_PASS1_row"
                class="testMethodStatusPASS testMethodStatusCONF">
               <td width="100%" class="firstMethodCell">
                  <a onclick="toggleDetailsVisibility('elementsHandlingDemo.VerifyDropdownDescending_startSession_byClass_PASS1_details')">startSession()</a>
               </td>
               <td nowrap="true">15:19:30</td>
               <td nowrap="true" align="right">4s
                  
               </td>
               <td nowrap="true">
                   
                  
               </td>
            </tr>
            <tr>
               <td colspan="4" class="detailsBox">
                  <div id="elementsHandlingDemo.VerifyDropdownDescending_startSession_byClass_PASS1_details"
                       class="testMethodDetails">
                     <div>
                        <b>Name: </b>startSession
                     </div>
                     <div>
                        <b>Signature: </b>startSession()[pri:0, instance:elementsHandlingDemo.VerifyDropdownDescending@4e4aea35]
                     </div>
                     <div>
                        <b>Start time: </b>15:19:30
                     </div>
                     <div>
                        <b>End time: </b>15:19:34
                     </div>
                     <div>
                        <b>Duration: </b>4s
                        
                     </div>
                  </div>
               </td>
            </tr>
            <tr></tr>
            <tr id="elementsHandlingDemo.VerifyDropdownDescending_test1_byClass_FAIL2_row"
                class="testMethodStatusFAIL">
               <td width="100%" class="firstMethodCell">
                  <a onclick="toggleDetailsVisibility('elementsHandlingDemo.VerifyDropdownDescending_test1_byClass_FAIL2_details')">test1()</a>
               </td>
               <td nowrap="true">15:19:34</td>
               <td nowrap="true" align="right">5s
                  
               </td>
               <td nowrap="true">
                  <a onclick="toggleDetailsVisibility('elementsHandlingDemo.VerifyDropdownDescending_test1_byClass_FAIL2_exception')">java.lang.AssertionError: 
                     did not expect to find [true] but found [false]
                     
                  </a>
                   
                  
               </td>
            </tr>
            <tr>
               <td colspan="4" class="detailsBox">
                  <div id="elementsHandlingDemo.VerifyDropdownDescending_test1_byClass_FAIL2_details"
                       class="testMethodDetails">
                     <div>
                        <b>Name: </b>test1
                     </div>
                     <div>
                        <b>Signature: </b>test1()[pri:0, instance:elementsHandlingDemo.VerifyDropdownDescending@4e4aea35]
                     </div>
                     <div>
                        <b>Start time: </b>15:19:34
                     </div>
                     <div>
                        <b>End time: </b>15:19:39
                     </div>
                     <div>
                        <b>Duration: </b>5s
                        
                     </div>
                  </div>
               </td>
            </tr>
            <tr>
               <td colspan="4" class="detailsBox">
                  <div id="elementsHandlingDemo.VerifyDropdownDescending_test1_byClass_FAIL2_exception"
                       class="testMethodDetails">
                     <pre style="padding: 5px; margin: 0;">java.lang.AssertionError: did not expect to find [true] but found [false]
                        at org.testng.Assert.fail(Assert.java:97)
                        at org.testng.Assert.failNotEquals(Assert.java:969)
                        at org.testng.Assert.assertTrue(Assert.java:43)
                        at org.testng.Assert.assertTrue(Assert.java:53)
                        at elementsHandlingDemo.VerifyDropdownDescending.test1(VerifyDropdownDescending.java:59)
                        at sun.reflect.NativeMethodAccessorImpl.invoke0(Native Method)
                        at sun.reflect.NativeMethodAccessorImpl.invoke(Unknown Source)
                        at sun.reflect.DelegatingMethodAccessorImpl.invoke(Unknown Source)
                        at java.lang.reflect.Method.invoke(Unknown Source)
                        at org.testng.internal.MethodInvocationHelper.invokeMethod(MethodInvocationHelper.java:133)
                        at org.testng.internal.TestInvoker.invokeMethod(TestInvoker.java:584)
                        at org.testng.internal.TestInvoker.invokeTestMethod(TestInvoker.java:172)
                        at org.testng.internal.MethodRunner.runInSequence(MethodRunner.java:46)
                        at org.testng.internal.TestInvoker$MethodInvocationAgent.invoke(TestInvoker.java:804)
                        at org.testng.internal.TestInvoker.invokeTestMethods(TestInvoker.java:145)
                        at org.testng.internal.TestMethodWorker.invokeTestMethods(TestMethodWorker.java:146)
                        at org.testng.internal.TestMethodWorker.run(TestMethodWorker.java:128)
                        at java.util.ArrayList.forEach(Unknown Source)
                        at org.testng.TestRunner.privateRun(TestRunner.java:770)
                        at org.testng.TestRunner.run(TestRunner.java:591)
                        at org.testng.SuiteRunner.runTest(SuiteRunner.java:402)
                        at org.testng.SuiteRunner.runSequentially(SuiteRunner.java:396)
                        at org.testng.SuiteRunner.privateRun(SuiteRunner.java:355)
                        at org.testng.SuiteRunner.run(SuiteRunner.java:304)
                        at org.testng.SuiteRunnerWorker.runSuite(SuiteRunnerWorker.java:53)
                        at org.testng.SuiteRunnerWorker.run(SuiteRunnerWorker.java:96)
                        at org.testng.TestNG.runSuitesSequentially(TestNG.java:1180)
                        at org.testng.TestNG.runSuitesLocally(TestNG.java:1102)
                        at org.testng.TestNG.runSuites(TestNG.java:1032)
                        at org.testng.TestNG.run(TestNG.java:1000)
                        at org.testng.remote.AbstractRemoteTestNG.run(AbstractRemoteTestNG.java:115)
                        at org.testng.remote.RemoteTestNG.initAndRun(RemoteTestNG.java:251)
                        at org.testng.remote.RemoteTestNG.main(RemoteTestNG.java:77)
                     </pre>
                  </div>
               </td>
            </tr>
            <tr id="elementsHandlingDemo.VerifyDropdownDescending_test2_byClass_FAIL3_row"
                class="testMethodStatusFAIL">
               <td width="100%" class="firstMethodCell">
                  <a onclick="toggleDetailsVisibility('elementsHandlingDemo.VerifyDropdownDescending_test2_byClass_FAIL3_details')">test2()</a>
               </td>
               <td nowrap="true">15:19:39</td>
               <td nowrap="true" align="right">2s
                  
               </td>
               <td nowrap="true">
                  <a onclick="toggleDetailsVisibility('elementsHandlingDemo.VerifyDropdownDescending_test2_byClass_FAIL3_exception')">java.lang.AssertionError: 
                     did not expect to find [true] but found [false]
                     
                  </a>
                   
                  
               </td>
            </tr>
            <tr>
               <td colspan="4" class="detailsBox">
                  <div id="elementsHandlingDemo.VerifyDropdownDescending_test2_byClass_FAIL3_details"
                       class="testMethodDetails">
                     <div>
                        <b>Name: </b>test2
                     </div>
                     <div>
                        <b>Signature: </b>test2()[pri:0, instance:elementsHandlingDemo.VerifyDropdownDescending@4e4aea35]
                     </div>
                     <div>
                        <b>Start time: </b>15:19:39
                     </div>
                     <div>
                        <b>End time: </b>15:19:42
                     </div>
                     <div>
                        <b>Duration: </b>2s
                        
                     </div>
                  </div>
               </td>
            </tr>
            <tr>
               <td colspan="4" class="detailsBox">
                  <div id="elementsHandlingDemo.VerifyDropdownDescending_test2_byClass_FAIL3_exception"
                       class="testMethodDetails">
                     <pre style="padding: 5px; margin: 0;">java.lang.AssertionError: did not expect to find [true] but found [false]
                        at org.testng.Assert.fail(Assert.java:97)
                        at org.testng.Assert.failNotEquals(Assert.java:969)
                        at org.testng.Assert.assertTrue(Assert.java:43)
                        at org.testng.Assert.assertTrue(Assert.java:53)
                        at elementsHandlingDemo.VerifyDropdownDescending.test2(VerifyDropdownDescending.java:88)
                        at sun.reflect.NativeMethodAccessorImpl.invoke0(Native Method)
                        at sun.reflect.NativeMethodAccessorImpl.invoke(Unknown Source)
                        at sun.reflect.DelegatingMethodAccessorImpl.invoke(Unknown Source)
                        at java.lang.reflect.Method.invoke(Unknown Source)
                        at org.testng.internal.MethodInvocationHelper.invokeMethod(MethodInvocationHelper.java:133)
                        at org.testng.internal.TestInvoker.invokeMethod(TestInvoker.java:584)
                        at org.testng.internal.TestInvoker.invokeTestMethod(TestInvoker.java:172)
                        at org.testng.internal.MethodRunner.runInSequence(MethodRunner.java:46)
                        at org.testng.internal.TestInvoker$MethodInvocationAgent.invoke(TestInvoker.java:804)
                        at org.testng.internal.TestInvoker.invokeTestMethods(TestInvoker.java:145)
                        at org.testng.internal.TestMethodWorker.invokeTestMethods(TestMethodWorker.java:146)
                        at org.testng.internal.TestMethodWorker.run(TestMethodWorker.java:128)
                        at java.util.ArrayList.forEach(Unknown Source)
                        at org.testng.TestRunner.privateRun(TestRunner.java:770)
                        at org.testng.TestRunner.run(TestRunner.java:591)
                        at org.testng.SuiteRunner.runTest(SuiteRunner.java:402)
                        at org.testng.SuiteRunner.runSequentially(SuiteRunner.java:396)
                        at org.testng.SuiteRunner.privateRun(SuiteRunner.java:355)
                        at org.testng.SuiteRunner.run(SuiteRunner.java:304)
                        at org.testng.SuiteRunnerWorker.runSuite(SuiteRunnerWorker.java:53)
                        at org.testng.SuiteRunnerWorker.run(SuiteRunnerWorker.java:96)
                        at org.testng.TestNG.runSuitesSequentially(TestNG.java:1180)
                        at org.testng.TestNG.runSuitesLocally(TestNG.java:1102)
                        at org.testng.TestNG.runSuites(TestNG.java:1032)
                        at org.testng.TestNG.run(TestNG.java:1000)
                        at org.testng.remote.AbstractRemoteTestNG.run(AbstractRemoteTestNG.java:115)
                        at org.testng.remote.RemoteTestNG.initAndRun(RemoteTestNG.java:251)
                        at org.testng.remote.RemoteTestNG.main(RemoteTestNG.java:77)
                     </pre>
                  </div>
               </td>
            </tr>
            <tr id="elementsHandlingDemo.VerifyDropdownDescending_endSession_byClass_PASS4_row"
                class="testMethodStatusPASS testMethodStatusCONF">
               <td width="100%" class="firstMethodCell">
                  <a onclick="toggleDetailsVisibility('elementsHandlingDemo.VerifyDropdownDescending_endSession_byClass_PASS4_details')">endSession()</a>
               </td>
               <td nowrap="true">15:19:42</td>
               <td nowrap="true" align="right">681 ms
                  
               </td>
               <td nowrap="true">
                   
                  
               </td>
            </tr>
            <tr>
               <td colspan="4" class="detailsBox">
                  <div id="elementsHandlingDemo.VerifyDropdownDescending_endSession_byClass_PASS4_details"
                       class="testMethodDetails">
                     <div>
                        <b>Name: </b>endSession
                     </div>
                     <div>
                        <b>Signature: </b>endSession()[pri:0, instance:elementsHandlingDemo.VerifyDropdownDescending@4e4aea35]
                     </div>
                     <div>
                        <b>Start time: </b>15:19:42
                     </div>
                     <div>
                        <b>End time: </b>15:19:43
                     </div>
                     <div>
                        <b>Duration: </b>681 ms
                        
                     </div>
                  </div>
               </td>
            </tr>
            <tr></tr>
         </table>
         <br></br>
      </div>
      <div style="margin-top: 15px; color: gray; text-align: center; font-size: 9px;">
         Generated with
         
         <a href="http://code.google.com/p/testng-xslt/" style="color: #8888aa;"
            target="_blank">
            TestNG XSLT
            
         </a>
      </div>
   </body>
</html>